PardusPoint/app/build/intermediates/manifest_merge_blame_file/debug/manifest-merger-blame-debug-report.txt
1<?xml version="1.0" encoding="utf-8"?>
2<manifest xmlns:android="http://schemas.android.com/apk/res/android"
3    package="com.example.pardus_point"
4    android:versionCode="1"
5    android:versionName="1.0" >
6
7    <uses-sdk
8        android:minSdkVersion="21"
8-->src\main\AndroidManifest.xml
9        android:targetSdkVersion="29" />
9-->src\main\AndroidManifest.xml
10
11    <!-- Required permission for App measurement to run. -->
12    <uses-permission android:name="android.permission.INTERNET" />
12-->[com.google.android.gms:play-services-measurement:17.2.0] AndroidManifest.xml:23:5-67
12-->[com.google.android.gms:play-services-measurement:17.2.0] AndroidManifest.xml:23:22-64
13    <uses-permission android:name="android.permission.ACCESS_NETWORK_STATE" />
13-->[com.google.android.gms:play-services-measurement:17.2.0] AndroidManifest.xml:24:5-79
13-->[com.google.android.gms:play-services-measurement:17.2.0] AndroidManifest.xml:24:22-76
14    <uses-permission android:name="android.permission.WAKE_LOCK" />
14-->[com.google.android.gms:play-services-measurement:17.2.0] AndroidManifest.xml:25:5-68
14-->[com.google.android.gms:play-services-measurement:17.2.0] AndroidManifest.xml:25:22-65
15    <uses-permission android:name="com.google.android.finsky.permission.BIND_GET_INSTALL_REFERRER_SERVICE" /> <!-- Required by older versions of Google Play services to create IID tokens -->
15-->[com.google.android.gms:play-services-measurement:17.2.0] AndroidManifest.xml:26:5-110
15-->[com.google.android.gms:play-services-measurement:17.2.0] AndroidManifest.xml:26:22-107
16    <uses-permission android:name="com.google.android.c2dm.permission.RECEIVE" />
16-->[com.google.firebase:firebase-iid:19.0.0] AndroidManifest.xml:26:5-82
16-->[com.google.firebase:firebase-iid:19.0.0] AndroidManifest.xml:26:22-79
17
18    <application
18-->src\main\AndroidManifest.xml:5:5-26:19
19        android:allowBackup="true"
19-->src\main\AndroidManifest.xml:6:9-35
20        android:appComponentFactory="androidx.core.app.CoreComponentFactory"
20-->[androidx.core:core:1.1.0] AndroidManifest.xml:24:18-86
21        android:debuggable="true"
22        android:icon="@mipmap/ic_launcher"
22-->src\main\AndroidManifest.xml:7:9-43
23        android:label="@string/app_name"
23-->src\main\AndroidManifest.xml:8:9-41
24        android:roundIcon="@mipmap/ic_launcher_round"
24-->src\main\AndroidManifest.xml:9:9-54
25        android:supportsRtl="true"
25-->src\main\AndroidManifest.xml:10:9-35
26        android:theme="@style/AppTheme" >
26-->src\main\AndroidManifest.xml:11:9-40
27        <activity android:name="com.example.pardus_point.phone" />
27-->src\main\AndroidManifest.xml:12:9-76
27-->src\main\AndroidManifest.xml:12:19-64
28        <activity android:name="com.example.pardus_point.totalMerit" />
28-->src\main\AndroidManifest.xml:13:9-72
28-->src\main\AndroidManifest.xml:13:19-69
29        <activity android:name="com.example.pardus_point.peta_kuo" />
29-->src\main\AndroidManifest.xml:14:9-70
29-->src\main\AndroidManifest.xml:14:19-67
30        <activity android:name="com.example.pardus_point.pentadbiran" />
30-->src\main\AndroidManifest.xml:15:9-73
30-->src\main\AndroidManifest.xml:15:19-70
31        <activity android:name="com.example.pardus_point.Profile" />
31-->src\main\AndroidManifest.xml:16:9-69
31-->src\main\AndroidManifest.xml:16:19-66
32        <activity android:name="com.example.pardus_point.menu" />
32-->src\main\AndroidManifest.xml:17:9-66
32-->src\main\AndroidManifest.xml:17:19-63
33        <activity android:name="com.example.pardus_point.activity_upload" />
33-->src\main\AndroidManifest.xml:18:9-77
33-->src\main\AndroidManifest.xml:18:19-74
34        <activity android:name="com.example.pardus_point.activity_login" >
34-->src\main\AndroidManifest.xml:19:9-25:20
34-->src\main\AndroidManifest.xml:19:19-73
35            <intent-filter>
35-->src\main\AndroidManifest.xml:20:13-24:29
36                <action android:name="android.intent.action.MAIN" />
36-->src\main\AndroidManifest.xml:21:17-69
36-->src\main\AndroidManifest.xml:21:25-66
37
38                <category android:name="android.intent.category.LAUNCHER" />
38-->src\main\AndroidManifest.xml:23:17-77
38-->src\main\AndroidManifest.xml:23:27-74
39            </intent-filter>
40        </activity>
41
42        <receiver
42-->[com.google.android.gms:play-services-measurement:17.2.0] AndroidManifest.xml:29:9-33:20
43            android:name="com.google.android.gms.measurement.AppMeasurementReceiver"
43-->[com.google.android.gms:play-services-measurement:17.2.0] AndroidManifest.xml:30:13-85
44            android:enabled="true"
44-->[com.google.android.gms:play-services-measurement:17.2.0] AndroidManifest.xml:31:13-35
45            android:exported="false" >
45-->[com.google.android.gms:play-services-measurement:17.2.0] AndroidManifest.xml:32:13-37
46        </receiver>
47        <receiver
47-->[com.google.android.gms:play-services-measurement:17.2.0] AndroidManifest.xml:34:9-42:20
48            android:name="com.google.android.gms.measurement.AppMeasurementInstallReferrerReceiver"
48-->[com.google.android.gms:play-services-measurement:17.2.0] AndroidManifest.xml:35:13-100
49            android:enabled="true"
49-->[com.google.android.gms:play-services-measurement:17.2.0] AndroidManifest.xml:36:13-35
50            android:exported="true"
50-->[com.google.android.gms:play-services-measurement:17.2.0] AndroidManifest.xml:37:13-36
51            android:permission="android.permission.INSTALL_PACKAGES" >
51-->[com.google.android.gms:play-services-measurement:17.2.0] AndroidManifest.xml:38:13-69
52            <intent-filter>
52-->[com.google.android.gms:play-services-measurement:17.2.0] AndroidManifest.xml:39:13-41:29
53                <action android:name="com.android.vending.INSTALL_REFERRER" />
53-->[com.google.android.gms:play-services-measurement:17.2.0] AndroidManifest.xml:40:17-79
53-->[com.google.android.gms:play-services-measurement:17.2.0] AndroidManifest.xml:40:25-76
54            </intent-filter>
55        </receiver>
56
57        <service
57-->[com.google.android.gms:play-services-measurement:17.2.0] AndroidManifest.xml:44:9-47:40
58            android:name="com.google.android.gms.measurement.AppMeasurementService"
58-->[com.google.android.gms:play-services-measurement:17.2.0] AndroidManifest.xml:45:13-84
59            android:enabled="true"
59-->[com.google.android.gms:play-services-measurement:17.2.0] AndroidManifest.xml:46:13-35
60            android:exported="false" />
60-->[com.google.android.gms:play-services-measurement:17.2.0] AndroidManifest.xml:47:13-37
61        <service
61-->[com.google.android.gms:play-services-measurement:17.2.0] AndroidManifest.xml:48:9-52:72
62            android:name="com.google.android.gms.measurement.AppMeasurementJobService"
62-->[com.google.android.gms:play-services-measurement:17.2.0] AndroidManifest.xml:49:13-87
63            android:enabled="true"
63-->[com.google.android.gms:play-services-measurement:17.2.0] AndroidManifest.xml:50:13-35
64            android:exported="false"
64-->[com.google.android.gms:play-services-measurement:17.2.0] AndroidManifest.xml:51:13-37
65            android:permission="android.permission.BIND_JOB_SERVICE" />
65-->[com.google.android.gms:play-services-measurement:17.2.0] AndroidManifest.xml:52:13-69
66        <service
66-->[com.google.android.gms:play-services-measurement-api:17.2.0] AndroidManifest.xml:27:9-33:19
67            android:name="com.google.firebase.components.ComponentDiscoveryService"
67-->[com.google.android.gms:play-services-measurement-api:17.2.0] AndroidManifest.xml:28:13-84
68            android:exported="false" >
68-->[com.google.android.gms:play-services-measurement-api:17.2.0] AndroidManifest.xml:29:13-37
69            <meta-data
69-->[com.google.android.gms:play-services-measurement-api:17.2.0] AndroidManifest.xml:30:13-32:85
70                android:name="com.google.firebase.components:com.google.firebase.analytics.connector.internal.AnalyticsConnectorRegistrar"
70-->[com.google.android.gms:play-services-measurement-api:17.2.0] AndroidManifest.xml:31:17-139
71                android:value="com.google.firebase.components.ComponentRegistrar" />
71-->[com.google.android.gms:play-services-measurement-api:17.2.0] AndroidManifest.xml:32:17-82
72            <meta-data
72-->[com.google.firebase:firebase-iid:19.0.0] AndroidManifest.xml:32:13-34:85
73                android:name="com.google.firebase.components:com.google.firebase.iid.Registrar"
73-->[com.google.firebase:firebase-iid:19.0.0] AndroidManifest.xml:33:17-96
74                android:value="com.google.firebase.components.ComponentRegistrar" />
74-->[com.google.firebase:firebase-iid:19.0.0] AndroidManifest.xml:34:17-82
75        </service>
76
77        <receiver
77-->[com.google.firebase:firebase-iid:19.0.0] AndroidManifest.xml:37:9-44:20
78            android:name="com.google.firebase.iid.FirebaseInstanceIdReceiver"
78-->[com.google.firebase:firebase-iid:19.0.0] AndroidManifest.xml:38:13-78
79            android:exported="true"
79-->[com.google.firebase:firebase-iid:19.0.0] AndroidManifest.xml:39:13-36
80            android:permission="com.google.android.c2dm.permission.SEND" >
80-->[com.google.firebase:firebase-iid:19.0.0] AndroidManifest.xml:40:13-73
81            <intent-filter>
81-->[com.google.firebase:firebase-iid:19.0.0] AndroidManifest.xml:41:13-43:29
82                <action android:name="com.google.android.c2dm.intent.RECEIVE" />
82-->[com.google.firebase:firebase-iid:19.0.0] AndroidManifest.xml:42:17-81
82-->[com.google.firebase:firebase-iid:19.0.0] AndroidManifest.xml:42:25-78
83            </intent-filter>
84        </receiver>
85
86        <provider
86-->[com.google.firebase:firebase-common:19.0.0] AndroidManifest.xml:12:9-16:39
87            android:name="com.google.firebase.provider.FirebaseInitProvider"
87-->[com.google.firebase:firebase-common:19.0.0] AndroidManifest.xml:13:13-77
88            android:authorities="com.example.pardus_point.firebaseinitprovider"
88-->[com.google.firebase:firebase-common:19.0.0] AndroidManifest.xml:14:13-72
89            android:exported="false"
89-->[com.google.firebase:firebase-common:19.0.0] AndroidManifest.xml:15:13-37
90            android:initOrder="100" />
90-->[com.google.firebase:firebase-common:19.0.0] AndroidManifest.xml:16:13-36
91
92        <activity
92-->[com.google.android.gms:play-services-base:17.0.0] AndroidManifest.xml:23:9-26:75
93            android:name="com.google.android.gms.common.api.GoogleApiActivity"
93-->[com.google.android.gms:play-services-base:17.0.0] AndroidManifest.xml:24:13-79
94            android:exported="false"
94-->[com.google.android.gms:play-services-base:17.0.0] AndroidManifest.xml:25:13-37
95            android:theme="@android:style/Theme.Translucent.NoTitleBar" />
95-->[com.google.android.gms:play-services-base:17.0.0] AndroidManifest.xml:26:13-72
96
97        <meta-data
97-->[com.google.android.gms:play-services-basement:17.0.0] AndroidManifest.xml:23:9-25:69
98            android:name="com.google.android.gms.version"
98-->[com.google.android.gms:play-services-basement:17.0.0] AndroidManifest.xml:24:13-58
99            android:value="@integer/google_play_services_version" />
99-->[com.google.android.gms:play-services-basement:17.0.0] AndroidManifest.xml:25:13-66
100    </application>
101
102</manifest>